
2012-12-06 14:58:14|orderid[2012120602439]|str[Buy1001184580220121206024391CNYhttp://www.5iu.org/apis/yee/callback.php0CCB-NET-B2C1]|hmac[bcd1c3861b273c24bed773b1e4707f97]
2012-12-14 10:55:16|orderid[2012121402441]|str[Buy10011845802201212140244110CNYhttp://www.5iu.org/apis/yee/callback.php0CCB-NET-B2C1]|hmac[8e23929cf594b36bfeb60f6ded3682cc]
2012-12-23 02:06:58|orderid[2012122302443]|str[Buy10011845802201212230244310CNYhttp://www.910158.com/apis/yee/callback.php0UNICOM-NET1]|hmac[a246bffb5df962cdbc8f90c8cc979780]
2012-12-24 11:57:05|orderid[2012122402444]|str[Buy10011845802201212240244420CNYhttp://www.910158.com/apis/yee/callback.php0BOC-NET-B2C1]|hmac[0fb87a62409ba070660141c299ace12d]
2012-12-24 16:05:26|orderid[2012122402445]|str[Buy10011845802201212240244520CNYhttp://www.910158.com/apis/yee/callback.php0SZX-NET1]|hmac[11d9edf0b89a8ca8d344a0c6c516842a]
2012-12-24 18:12:13|orderid[2012122402446]|str[Buy10011845802201212240244630CNYhttp://www.910158.com/apis/yee/callback.php0SZX-NET1]|hmac[0d7730267c5a2fe247b55850e94efa27]
2013-01-14 16:46:32|orderid[2013011402452]|str[Buy100118458022013011402452500000000CNYhttp://test.5iu.org/apis/yee/callback.php0NCBBANK-NET-B2C1]|hmac[5aacec734ded058c152cdb564acd1bb6]
2013-01-15 09:31:10|orderid[2013011502453]|str[Buy1001184580220130115024531CNYhttp://test.5iu.org/apis/yee/callback.php0NCBBANK-NET-B2C1]|hmac[4855c7f755b1e0072622755c597f9df6]
2013-01-22 17:52:57|orderid[2013012202454]|str[Buy100118458022013012202454100CNYhttp://test.5iu.org/apis/yee/callback.php0ICBC-NET-B2C1]|hmac[7a906ca46333e47bb97fe4663a3f9154]
2013-02-01 11:31:47|orderid[2013020102455]|str[Buy10011845802201302010245510CNYhttp://test.5iu.org/apis/yee/callback.php0JUNNET-NET1]|hmac[9053bf7855e1a34277ce2be3895067a0]
2013-02-01 11:32:27|orderid[2013020102456]|str[Buy10011845802201302010245610CNYhttp://test.5iu.org/apis/yee/callback.php0JUNNET-NET1]|hmac[03bcd0b195cc9a2ebe9f19bce37e5026]
2013-02-01 11:32:38|orderid[2013020102457]|str[Buy10011845802201302010245710CNYhttp://test.5iu.org/apis/yee/callback.php0JUNNET-NET1]|hmac[51de3213ced03e51d78865b97b9f068d]
2013-02-01 11:32:59|orderid[2013020102458]|str[Buy10011845802201302010245810CNYhttp://test.5iu.org/apis/yee/callback.php0SZX-NET1]|hmac[6a568bd87918b156ee9a3674a311c7fa]
2013-02-01 11:33:15|orderid[2013020102459]|str[Buy10011845802201302010245910CNYhttp://test.5iu.org/apis/yee/callback.php0SZX-NET1]|hmac[15419d5edf988382b12451ab0aedc99c]
2013-02-01 11:34:45|orderid[2013020102460]|str[Buy10011845802201302010246010CNYhttp://test.5iu.org/apis/yee/callback.php0SZX-NET1]|hmac[cd53cef6182a3c217fe8f7067b2ef9f4]
2013-02-01 11:49:22|orderid[2013020102461]|str[Buy1001184580220130201024611CNYhttp://test.5iu.org/apis/yee/callback.php0BOC-NET-B2C1]|hmac[3d4c0b9384244c9862b539f673936b2f]
2013-02-01 11:53:12|orderid[2013020102462]|str[Buy1001184580220130201024621CNYhttp://test.5iu.org/apis/yee/callback.php0BOC-NET-B2C1]|hmac[17e826d6f41e1a56f09137c7fd94a145]
2013-02-01 11:58:51|orderid[2013020102463]|str[Buy1001184580220130201024631CNYhttp://test.5iu.org/apis/yee/callback.php0BOC-NET-B2C1]|hmac[861692394bf39ea2fd4c8462d0683282]
2013-02-01 12:01:43|orderid[2013020102464]|str[Buy1001184580220130201024641CNYhttp://test.5iu.org/apis/yee/callback.php0BOC-NET-B2C1]|hmac[babb81a73f27620b6f59d49a0a694f48]
2013-02-01 12:24:45|orderid[2013020102465]|str[Buy1122334420130201024651CNYhttp://test.5iu.org/apis/yee/callback.php0BOC-NET-B2C1]|hmac[06375baa941e696dc17f5ce006134d21]
2013-02-01 12:25:44|orderid[2013020102466]|str[Buy1122334420130201024661CNY/callback.php0BOC-NET-B2C1]|hmac[28eae79964d4b3392028aed8b63ce712]
2013-02-01 12:27:01|orderid[2013020102467]|str[Buy112233442233441CNY/callback.php0BOC-NET-B2C1]|hmac[a80098163319e566b0455c139be83879]
2013-02-01 12:28:51|orderid[2013020102468]|str[Buy1001184580220130201024681CNYhttp://test.5iu.org/apis/yee/callback.php0BOC-NET-B2C1]|hmac[225c39da7b32d67da5a49cdd93cf091b]
2013-02-01 12:32:34|orderid[2013020102469]|str[Buy1001184580220130201024691CNYhttp://test.5iu.org/apis/yee/callback.php0BOC-NET-B2C1]|hmac[d69d775218b1d95fb586a27e1cccefc7]
2013-02-01 12:36:25|orderid[20130201112233]|str[Buy10011845802201302011122331CNYhttp://test.5iu.org/apis/yee/callback.php0BOC-NET-B2C1]|hmac[21dbbf862a5f2ec6d5eea917121d5b4d]
2013-02-01 12:36:54|orderid[20130201112233]|str[Buy10011845802201302011122331CNYhttp://test.5iu.org/apis/yee/callback.php0BOC-NET-B2C1]|hmac[21dbbf862a5f2ec6d5eea917121d5b4d]
2013-02-01 12:38:39|orderid[20130201112233]|str[Buy10011845802201302011122331CNYhttp://test.5iu.orgyee/callback.php0BOC-NET-B2C1]|hmac[71e320b8d8b1eee0755112c7862ff477]